<?xml version="1.0" encoding="UTF-8"?>
<!-- Generated by org.testng.reporters.JUnitReportReporter -->
<testsuite skipped="0" hostname="BDC6-DX-6G88NK2" name="TestNG.NewTest" tests="4" failures="0" timestamp="17 Sep 2019 09:27:05 GMT" time="0.019" errors="0">
  <testcase name="Logout" time="0.013" classname="TestNG.NewTest"/>
  <testcase name="Register" time="0.003" classname="TestNG.NewTest"/>
  <testcase name="Login" time="0.001" classname="TestNG.NewTest"/>
  <testcase name="Homepage" time="0.002" classname="TestNG.NewTest"/>
</testsuite> <!-- TestNG.NewTest -->
