<?xml version="1.0" encoding="UTF-8"?>
<!-- Generated by org.testng.reporters.JUnitReportReporter -->
<testsuite skipped="0" hostname="BDC6-DX-6G88NK2" name="TestNG.webdriver_3" tests="1" failures="0" timestamp="18 Sep 2019 04:58:56 GMT" time="19.161" errors="0">
  <testcase name="f" time="19.161" classname="TestNG.webdriver_3"/>
</testsuite> <!-- TestNG.webdriver_3 -->
