<?xml version="1.0" encoding="UTF-8"?>
<!-- Generated by org.testng.reporters.JUnitReportReporter -->
<testsuite skipped="0" hostname="BDC6-DX-6G88NK2" name="TestNG.webdriver_2" tests="1" failures="0" timestamp="18 Sep 2019 04:32:24 GMT" time="11.100" errors="0">
  <testcase name="f" time="11.100" classname="TestNG.webdriver_2"/>
</testsuite> <!-- TestNG.webdriver_2 -->
