<?xml version="1.0" encoding="UTF-8"?>
<!-- Generated by org.testng.reporters.JUnitReportReporter -->
<testsuite skipped="0" hostname="BDC6-DX-6G88NK2" name="demo.NewTest" tests="2" failures="0" timestamp="17 Sep 2019 07:36:43 GMT" time="0.012" errors="0">
  <testcase name="f1" time="0.004" classname="demo.NewTest"/>
  <testcase name="f" time="0.008" classname="demo.NewTest"/>
</testsuite> <!-- demo.NewTest -->
