<?xml version="1.0" encoding="UTF-8"?>
<!-- Generated by org.testng.reporters.JUnitReportReporter -->
<testsuite skipped="0" hostname="BDC6-DX-6G88NK2" name="TestNG.webdriver_4" tests="1" failures="0" timestamp="18 Sep 2019 07:24:22 GMT" time="9.732" errors="0">
  <testcase name="f" time="9.732" classname="TestNG.webdriver_4"/>
</testsuite> <!-- TestNG.webdriver_4 -->
