<?xml version="1.0" encoding="UTF-8"?>
<!-- Generated by org.testng.reporters.JUnitReportReporter -->
<testsuite skipped="0" hostname="BDC6-DX-6G88NK2" name="TestNG.keystrokes_action" tests="1" failures="0" timestamp="18 Sep 2019 10:46:59 GMT" time="37.049" errors="0">
  <testcase name="f" time="37.049" classname="TestNG.keystrokes_action"/>
</testsuite> <!-- TestNG.keystrokes_action -->
